<?xml version="1.0" encoding="UTF-8"?>
<testsuite xmlns:xsi="http://www.w3.org/2001/XMLSchema-instance" xsi:noNamespaceSchemaLocation="https://maven.apache.org/surefire/maven-surefire-plugin/xsd/surefire-test-report.xsd" name="TestSuite" time="155.849" tests="17" errors="0" skipped="0" failures="0">
  <properties>
    <property name="gopherProxySet" value="false"/>
    <property name="awt.toolkit" value="sun.lwawt.macosx.LWCToolkit"/>
    <property name="java.specification.version" value="11"/>
    <property name="sun.cpu.isalist" value=""/>
    <property name="sun.jnu.encoding" value="UTF-8"/>
    <property name="java.class.path" value="/usr/local/Cellar/maven/3.6.1/libexec/boot/plexus-classworlds-2.6.0.jar"/>
    <property name="java.vm.vendor" value="Oracle Corporation"/>
    <property name="sun.arch.data.model" value="64"/>
    <property name="java.vendor.url" value="http://java.oracle.com/"/>
    <property name="user.timezone" value="Europe/Kiev"/>
    <property name="maven.conf" value="/usr/local/Cellar/maven/3.6.1/libexec/conf"/>
    <property name="os.name" value="Mac OS X"/>
    <property name="java.vm.specification.version" value="11"/>
    <property name="sun.java.launcher" value="SUN_STANDARD"/>
    <property name="user.country" value="UA"/>
    <property name="sun.boot.library.path" value="/Library/Java/JavaVirtualMachines/jdk-11.0.1.jdk/Contents/Home/lib"/>
    <property name="sun.java.command" value="org.codehaus.plexus.classworlds.launcher.Launcher clean -DsuiteFile=Smoke.xml test"/>
    <property name="http.nonProxyHosts" value="local|*.local|169.254/16|*.169.254/16"/>
    <property name="jdk.debug" value="release"/>
    <property name="maven.home" value="/usr/local/Cellar/maven/3.6.1/libexec"/>
    <property name="sun.cpu.endian" value="little"/>
    <property name="user.home" value="/Users/natalie"/>
    <property name="user.language" value="uk"/>
    <property name="java.specification.vendor" value="Oracle Corporation"/>
    <property name="java.version.date" value="2018-10-16"/>
    <property name="suiteFile" value="Smoke.xml"/>
    <property name="java.home" value="/Library/Java/JavaVirtualMachines/jdk-11.0.1.jdk/Contents/Home"/>
    <property name="file.separator" value="/"/>
    <property name="java.vm.compressedOopsMode" value="Zero based"/>
    <property name="line.separator" value="&#10;"/>
    <property name="java.specification.name" value="Java Platform API Specification"/>
    <property name="java.vm.specification.vendor" value="Oracle Corporation"/>
    <property name="java.awt.graphicsenv" value="sun.awt.CGraphicsEnvironment"/>
    <property name="sun.management.compiler" value="HotSpot 64-Bit Tiered Compilers"/>
    <property name="ftp.nonProxyHosts" value="local|*.local|169.254/16|*.169.254/16"/>
    <property name="java.runtime.version" value="11.0.1+13-LTS"/>
    <property name="user.name" value="natalie"/>
    <property name="path.separator" value=":"/>
    <property name="os.version" value="10.13.6"/>
    <property name="java.runtime.name" value="Java(TM) SE Runtime Environment"/>
    <property name="file.encoding" value="UTF-8"/>
    <property name="guice.disable.misplaced.annotation.check" value="true"/>
    <property name="java.vm.name" value="Java HotSpot(TM) 64-Bit Server VM"/>
    <property name="java.vendor.version" value="18.9"/>
    <property name="java.vendor.url.bug" value="http://bugreport.java.com/bugreport/"/>
    <property name="java.io.tmpdir" value="/var/folders/48/4nmq1c7j6xj5cm_26fhpkfl80000gn/T/"/>
    <property name="java.version" value="11.0.1"/>
    <property name="user.dir" value="/Users/natalie/eclipse-workspace/aqa"/>
    <property name="os.arch" value="x86_64"/>
    <property name="maven.multiModuleProjectDirectory" value="/Users/natalie/eclipse-workspace/aqa"/>
    <property name="java.vm.specification.name" value="Java Virtual Machine Specification"/>
    <property name="java.awt.printerjob" value="sun.lwawt.macosx.CPrinterJob"/>
    <property name="sun.os.patch.level" value="unknown"/>
    <property name="java.library.path" value="/Users/natalie/Library/Java/Extensions:/Library/Java/Extensions:/Network/Library/Java/Extensions:/System/Library/Java/Extensions:/usr/lib/java:."/>
    <property name="java.vendor" value="Oracle Corporation"/>
    <property name="java.vm.info" value="mixed mode"/>
    <property name="java.vm.version" value="11.0.1+13-LTS"/>
    <property name="classworlds.conf" value="/usr/local/Cellar/maven/3.6.1/libexec/bin/m2.conf"/>
    <property name="sun.io.unicode.encoding" value="UnicodeBig"/>
    <property name="library.jansi.path" value="/usr/local/Cellar/maven/3.6.1/libexec/lib/jansi-native"/>
    <property name="java.class.version" value="55.0"/>
    <property name="socksNonProxyHosts" value="local|*.local|169.254/16|*.169.254/16"/>
  </properties>
  <testcase name="testUserIsAbleToLoginIntoApp" classname="tests.LoginTest" time="11.257"/>
  <testcase name="testUserIsNotAbleToLoginWithoutUsernameAndPassword" classname="tests.LoginTestNegative_1" time="3.487"/>
  <testcase name="testUserIsNotAbleToLoginWithoutPassword" classname="tests.LoginTestNegative_2" time="2.677"/>
  <testcase name="testUserIsNotAbleToLoginWithoutUsername" classname="tests.LoginTestNegative_3" time="2.791"/>
  <testcase name="testLockedUserIsNotAbleToLogin" classname="tests.LoginTestNegative_4" time="3.617"/>
  <testcase name="testUserIsNotAbleToLoginIntoAppWithWrongCredentials" classname="tests.LoginTestNegative_5" time="2.821"/>
  <testcase name="testUserIsAbleToLogOutFromTheApp" classname="tests.LogOutTest" time="11.597"/>
  <testcase name="testUserIsAbleToAddProductToCart" classname="tests.AddProductToTheCart" time="6.037"/>
  <testcase name="testUserIsAbleToRemoveProductsFromToCart" classname="tests.RemoveItemsFromCart" time="28.231"/>
  <testcase name="testUserIsAbleToPlaceOrderWithOneProduct" classname="tests.CheckoutWithOneProduct" time="10.446"/>
  <testcase name="testUserIsAbleToPlaceOrderWithThreeProducts" classname="tests.CheckoutWithThreeProducts" time="7.406"/>
  <testcase name="validationCheckoutFields" classname="tests.CheckoutFieldsValidation" time="9.837"/>
  <testcase name="testUserIsAbleToLogOutFromCheckoutPage" classname="tests.LogoutFromCheckoutPage" time="7.331"/>
  <testcase name="testProductsAreSortedByAsc" classname="tests.SortByNamesAsc" time="8.943"/>
  <testcase name="testProductsAreSortedByAsc" classname="tests.SortByNamesDesc" time="12.774"/>
  <testcase name="testSortByPriceAsc" classname="tests.SortByPriceAsc" time="5.061"/>
  <testcase name="testSortByPriceAsc" classname="tests.SortByPriceDesc" time="5.547"/>
</testsuite>