<?xml version="1.0" encoding="UTF-8"?>
<!-- Generated by org.testng.reporters.JUnitReportReporter -->
<testsuite hostname="MacBook-Pro-Natalie.local" failures="0" tests="5" name="tests.LoginTest" time="19.775" errors="0" timestamp="06 лип. 2019 08:30:18 GMT" skipped="0">
  <testcase classname="tests.LoginTest" name="testUserIsNotAbleToLoginWithoutUsernameAndPassword" time="1.386"/>
  <testcase classname="tests.LoginTest" name="testUserIsNotAbleToLoginWithoutUsernsme" time="1.510"/>
  <testcase classname="tests.LoginTest" name="testLockedUserIsNotAbleToLogin" time="1.965"/>
  <testcase classname="tests.LoginTest" name="testUserIsAbleToLoginIntoApp" time="13.460"/>
  <testcase classname="tests.LoginTest" name="testUserIsNotAbleToLoginWithoutPassword" time="1.454"/>
</testsuite> <!-- tests.LoginTest -->
