<?xml version="1.0" encoding="UTF-8"?>
<!-- Generated by org.testng.reporters.JUnitReportReporter -->
<testsuite hostname="MacBook-Pro-Natalie.local" failures="0" tests="1" name="tests.SortByNamesAsc" time="3.646" errors="0" timestamp="30 лип. 2019 17:19:49 GMT" skipped="0">
  <testcase classname="tests.SortByNamesAsc" name="testProductsAreSortedByAsc" time="3.646"/>
</testsuite> <!-- tests.SortByNamesAsc -->
