<?xml version="1.0" encoding="UTF-8"?>
<!-- Generated by org.testng.reporters.JUnitReportReporter -->
<testsuite hostname="MacBook-Pro-Natalie.local" failures="0" tests="1" name="tests.CheckoutFieldsValidation" time="6.938" errors="0" timestamp="04 серп. 2019 16:41:53 GMT" skipped="0">
  <testcase classname="tests.CheckoutFieldsValidation" name="validationCheckoutFields" time="6.938"/>
</testsuite> <!-- tests.CheckoutFieldsValidation -->
