<?xml version="1.0" encoding="UTF-8"?>
<!-- Generated by org.testng.reporters.JUnitReportReporter -->
<testsuite hostname="MacBook-Pro-Natalie.local" failures="0" tests="1" name="tests.LoginTestNegative_5" time="3.013" errors="0" timestamp="14 лип. 2019 20:14:58 GMT" skipped="0">
  <testcase classname="tests.LoginTestNegative_5" name="testUserIsNotAbleToLoginIntoAppWithWrongCredentials" time="3.013"/>
</testsuite> <!-- tests.LoginTestNegative_5 -->
