<?xml version="1.0" encoding="UTF-8"?>
<!-- Generated by org.testng.reporters.JUnitReportReporter -->
<testsuite hostname="MacBook-Pro-Natalie.local" failures="0" tests="1" name="tests.LoginTestNegative_3" time="1.351" errors="0" timestamp="07 лип. 2019 10:40:51 GMT" skipped="0">
  <testcase classname="tests.LoginTestNegative_3" name="testUserIsNotAbleToLoginWithoutUsernsme" time="1.351"/>
</testsuite> <!-- tests.LoginTestNegative_3 -->
