<?xml version="1.0" encoding="UTF-8"?>
<!-- Generated by org.testng.reporters.JUnitReportReporter -->
<testsuite hostname="MacBook-Pro-Natalie.local" failures="0" tests="1" name="tests.LoginTestNegative_2" time="1.466" errors="0" timestamp="06 лип. 2019 09:25:06 GMT" skipped="0">
  <testcase classname="tests.LoginTestNegative_2" name="testUserIsNotAbleToLoginWithoutPassword" time="1.466"/>
</testsuite> <!-- tests.LoginTestNegative_2 -->
