<?xml version="1.0" encoding="UTF-8"?>
<!-- Generated by org.testng.reporters.JUnitReportReporter -->
<testsuite hostname="MacBook-Pro-Natalie.local" failures="0" tests="1" name="tests.SortByNamesDesc" time="4.057" errors="0" timestamp="30 лип. 2019 17:20:00 GMT" skipped="0">
  <testcase classname="tests.SortByNamesDesc" name="testProductsAreSortedByAsc" time="4.057"/>
</testsuite> <!-- tests.SortByNamesDesc -->
