<?xml version="1.0" encoding="UTF-8"?>
<!-- Generated by org.testng.reporters.JUnitReportReporter -->
<testsuite hostname="MacBook-Pro-Natalie.local" failures="0" tests="1" name="tests.CheckoutFieldsValidation" time="16.568" errors="0" timestamp="30 лип. 2019 17:16:27 GMT" skipped="0">
  <testcase classname="tests.CheckoutFieldsValidation" name="validationCheckoutFields" time="16.568"/>
</testsuite> <!-- tests.CheckoutFieldsValidation -->
