<?xml version="1.0" encoding="UTF-8"?>
<!-- Generated by org.testng.reporters.JUnitReportReporter -->
<testsuite hostname="MacBook-Pro-Natalie.local" failures="0" tests="1" name="tests.AnnotationTest" time="0.004" errors="0" timestamp="09 лип. 2019 17:18:30 GMT" skipped="0">
  <testcase classname="tests.AnnotationTest" name="test" time="0.004"/>
</testsuite> <!-- tests.AnnotationTest -->
