<?xml version="1.0" encoding="UTF-8"?>
<!-- Generated by org.testng.reporters.JUnitReportReporter -->
<testsuite hostname="MacBook-Pro-Natalie.local" failures="0" tests="1" name="tests.LoginTestNegative_3" time="2.593" errors="0" timestamp="02 серп. 2019 18:59:41 GMT" skipped="0">
  <testcase classname="tests.LoginTestNegative_3" name="testUserIsNotAbleToLoginWithoutUsername" time="2.593"/>
</testsuite> <!-- tests.LoginTestNegative_3 -->
