<?xml version="1.0" encoding="UTF-8"?>
<!-- Generated by org.testng.reporters.JUnitReportReporter -->
<testsuite hostname="MacBook-Pro-Natalie.local" failures="0" tests="1" name="tests.LoginTestNegative_5" time="1.399" errors="0" timestamp="07 лип. 2019 10:40:51 GMT" skipped="0">
  <testcase classname="tests.LoginTestNegative_5" name="testUserIsNotAbleToLoginIntoAppWithWrongCredentials" time="1.399"/>
</testsuite> <!-- tests.LoginTestNegative_5 -->
