<?xml version="1.0" encoding="UTF-8"?>
<!-- Generated by org.testng.reporters.JUnitReportReporter -->
<testsuite hostname="MacBook-Pro-Natalie.local" failures="0" tests="1" name="tests.RemoveItemsFromCart" time="3.806" errors="0" timestamp="04 серп. 2019 15:32:22 GMT" skipped="0">
  <testcase classname="tests.RemoveItemsFromCart" name="testUserIsAbleToRemoveProductsFromToCart" time="3.806"/>
</testsuite> <!-- tests.RemoveItemsFromCart -->
