<?xml version="1.0" encoding="UTF-8"?>
<!-- Generated by org.testng.reporters.JUnitReportReporter -->
<testsuite hostname="MacBook-Pro-Natalie.local" failures="0" tests="1" name="tests.AddProductToTheCart" time="2.158" errors="0" timestamp="07 лип. 2019 11:03:49 GMT" skipped="0">
  <testcase classname="tests.AddProductToTheCart" name="testUserIsAbleToLoginIntoApp" time="2.158"/>
</testsuite> <!-- tests.AddProductToTheCart -->
