<?xml version="1.0" encoding="UTF-8"?>
<!-- Generated by org.testng.reporters.JUnitReportReporter -->
<testsuite hostname="MacBook-Pro-Natalie.local" failures="0" tests="1" name="tests.LoginTest" time="3.095" errors="0" timestamp="03 лип. 2019 13:47:19 GMT" skipped="0">
  <testcase classname="tests.LoginTest" name="testUserIsAbleToLoginIntoApp" time="3.095"/>
</testsuite> <!-- tests.LoginTest -->
