<?xml version="1.0" encoding="UTF-8"?>
<!-- Generated by org.testng.reporters.JUnitReportReporter -->
<testsuite hostname="MacBook-Pro-Natalie.local" failures="0" tests="1" name="tests.LoginTest" time="7.396" errors="0" timestamp="07 лип. 2019 10:40:51 GMT" skipped="0">
  <testcase classname="tests.LoginTest" name="testUserIsAbleToLoginIntoApp" time="7.396"/>
</testsuite> <!-- tests.LoginTest -->
