<?xml version="1.0" encoding="UTF-8"?>
<!-- Generated by org.testng.reporters.JUnitReportReporter -->
<testsuite hostname="MacBook-Pro-Natalie.local" failures="0" tests="1" name="tests.CheckoutWithThreeProducts" time="4.764" errors="0" timestamp="30 лип. 2019 17:17:55 GMT" skipped="0">
  <testcase classname="tests.CheckoutWithThreeProducts" name="testUserIsAbleToPlaceOrderWithThreeProducts" time="4.764"/>
</testsuite> <!-- tests.CheckoutWithThreeProducts -->
