<?xml version="1.0" encoding="UTF-8"?>
<!-- Generated by org.testng.reporters.JUnitReportReporter -->
<testsuite hostname="MacBook-Pro-Natalie.local" failures="0" tests="1" name="tests.LoginTest" time="3.595" errors="0" timestamp="26 лип. 2019 18:00:26 GMT" skipped="0">
  <testcase classname="tests.LoginTest" name="testUserIsAbleToLoginIntoApp" time="3.595"/>
</testsuite> <!-- tests.LoginTest -->
