<?xml version="1.0" encoding="UTF-8"?>
<!-- Generated by org.testng.reporters.JUnitReportReporter -->
<testsuite hostname="MacBook-Pro-Natalie.local" failures="0" tests="1" name="tests.LoginTestNegative_4" time="3.363" errors="0" timestamp="11 серп. 2019 09:10:49 GMT" skipped="0">
  <testcase classname="tests.LoginTestNegative_4" name="testLockedUserIsNotAbleToLogin" time="3.363"/>
</testsuite> <!-- tests.LoginTestNegative_4 -->
