<?xml version="1.0" encoding="UTF-8"?>
<!-- Generated by org.testng.reporters.JUnitReportReporter -->
<testsuite hostname="MacBook-Pro-Natalie.local" failures="0" tests="1" name="tests.LoginTestNegative_1" time="2.597" errors="0" timestamp="30 лип. 2019 17:18:36 GMT" skipped="0">
  <testcase classname="tests.LoginTestNegative_1" name="testUserIsNotAbleToLoginWithoutUsernameAndPassword" time="2.597"/>
</testsuite> <!-- tests.LoginTestNegative_1 -->
