<?xml version="1.0" encoding="UTF-8"?>
<!-- Generated by org.testng.reporters.JUnitReportReporter -->
<testsuite hostname="MacBook-Pro-Natalie.local" failures="0" tests="1" name="tests.LoginTestNegative_5" time="2.182" errors="0" timestamp="06 лип. 2019 09:36:25 GMT" skipped="0">
  <testcase classname="tests.LoginTestNegative_5" name="testUserIsNotAbleToLoginIntoAppWithWrongCredentials" time="2.182"/>
</testsuite> <!-- tests.LoginTestNegative_5 -->
