<?xml version="1.0" encoding="UTF-8"?>
<!-- Generated by org.testng.reporters.JUnitReportReporter -->
<testsuite hostname="MacBook-Pro-Natalie.local" failures="0" tests="1" name="tests.SortByNamesDesc" time="3.853" errors="0" timestamp="23 лип. 2019 17:46:35 GMT" skipped="0">
  <testcase classname="tests.SortByNamesDesc" name="testProductsAreSortedByAsc" time="3.853"/>
</testsuite> <!-- tests.SortByNamesDesc -->
