<?xml version="1.0" encoding="UTF-8"?>
<!-- Generated by org.testng.reporters.JUnitReportReporter -->
<testsuite hostname="MacBook-Pro-Natalie.local" failures="0" tests="1" name="tests.SortByPriceAsc" time="3.730" errors="0" timestamp="30 лип. 2019 17:20:20 GMT" skipped="0">
  <testcase classname="tests.SortByPriceAsc" name="testSortByPriceAsc" time="3.730"/>
</testsuite> <!-- tests.SortByPriceAsc -->
