<?xml version="1.0" encoding="UTF-8"?>
<!-- Generated by org.testng.reporters.JUnitReportReporter -->
<testsuite hostname="MacBook-Pro-Natalie.local" failures="0" tests="1" name="tests.AddProductToTheCart" time="5.581" errors="0" timestamp="02 серп. 2019 15:12:03 GMT" skipped="0">
  <testcase classname="tests.AddProductToTheCart" name="testUserIsAbleToAddProductToCart" time="5.581"/>
</testsuite> <!-- tests.AddProductToTheCart -->
