<?xml version="1.0" encoding="UTF-8"?>
<!-- Generated by org.testng.reporters.JUnitReportReporter -->
<testsuite hostname="MacBook-Pro-Natalie.local" failures="0" tests="1" name="tests.LogoutFromCheckoutPage" time="8.966" errors="0" timestamp="11 серп. 2019 09:57:34 GMT" skipped="0">
  <testcase classname="tests.LogoutFromCheckoutPage" name="testUserIsAbleToLogOutFromCheckoutPage" time="8.966"/>
</testsuite> <!-- tests.LogoutFromCheckoutPage -->
