<?xml version="1.0" encoding="UTF-8"?>
<!-- Generated by org.testng.reporters.JUnitReportReporter -->
<testsuite hostname="MacBook-Pro-Natalie.local" failures="0" tests="1" name="tests.LoginTestNegative_1" time="2.480" errors="0" timestamp="14 лип. 2019 20:10:20 GMT" skipped="0">
  <testcase classname="tests.LoginTestNegative_1" name="testUserIsNotAbleToLoginWithoutUsernameAndPassword" time="2.480"/>
</testsuite> <!-- tests.LoginTestNegative_1 -->
