<?xml version="1.0" encoding="UTF-8"?>
<!-- Generated by org.testng.reporters.JUnitReportReporter -->
<testsuite hostname="MacBook-Pro-Natalie.local" failures="0" tests="1" name="tests.LogOutTest" time="2.634" errors="0" timestamp="07 лип. 2019 11:03:00 GMT" skipped="0">
  <testcase classname="tests.LogOutTest" name="testUserIsAbleToLogOutFromTheApp" time="2.634"/>
</testsuite> <!-- tests.LogOutTest -->
