<?xml version="1.0" encoding="UTF-8"?>
<!-- Generated by org.testng.reporters.JUnitReportReporter -->
<testsuite hostname="MacBook-Pro-Natalie.local" failures="0" tests="1" name="tests.SortByPriceDesc" time="5.977" errors="0" timestamp="26 лип. 2019 15:28:26 GMT" skipped="0">
  <testcase classname="tests.SortByPriceDesc" name="testSortByPriceAsc" time="5.977"/>
</testsuite> <!-- tests.SortByPriceDesc -->
