<?xml version="1.0" encoding="UTF-8"?>
<!-- Generated by org.testng.reporters.JUnitReportReporter -->
<testsuite hostname="MacBook-Pro-Natalie.local" failures="0" tests="1" name="tests.LoginTestNegative_1" time="1.276" errors="0" timestamp="07 лип. 2019 11:03:00 GMT" skipped="0">
  <testcase classname="tests.LoginTestNegative_1" name="testUserIsNotAbleToLoginWithoutUsernameAndPassword" time="1.276"/>
</testsuite> <!-- tests.LoginTestNegative_1 -->
