<?xml version="1.0" encoding="UTF-8"?>
<!-- Generated by org.testng.reporters.JUnitReportReporter -->
<testsuite hostname="MacBook-Pro-Natalie.local" failures="0" tests="1" name="tests.AddProductToTheCart" time="5.214" errors="0" timestamp="04 серп. 2019 16:41:29 GMT" skipped="0">
  <testcase classname="tests.AddProductToTheCart" name="testUserIsAbleToAddProductToCart" time="5.214"/>
</testsuite> <!-- tests.AddProductToTheCart -->
