<?xml version="1.0" encoding="UTF-8"?>
<!-- Generated by org.testng.reporters.JUnitReportReporter -->
<testsuite hostname="MacBook-Pro-Natalie.local" failures="0" tests="1" name="tests.CheckoutFieldsValidation" time="19.390" errors="0" timestamp="29 лип. 2019 17:21:00 GMT" skipped="0">
  <testcase classname="tests.CheckoutFieldsValidation" name="validationCheckoutFields" time="19.390"/>
</testsuite> <!-- tests.CheckoutFieldsValidation -->
