<?xml version="1.0" encoding="UTF-8"?>
<!-- Generated by org.testng.reporters.JUnitReportReporter -->
<testsuite hostname="MacBook-Pro-Natalie.local" failures="0" tests="1" name="tests.SortByPriceAsc" time="5.179" errors="0" timestamp="23 лип. 2019 17:47:13 GMT" skipped="0">
  <testcase classname="tests.SortByPriceAsc" name="testSortByPriceAsc" time="5.179"/>
</testsuite> <!-- tests.SortByPriceAsc -->
