<?xml version="1.0" encoding="UTF-8"?>
<!-- Generated by org.testng.reporters.JUnitReportReporter -->
<testsuite hostname="MacBook-Pro-Natalie.local" failures="0" tests="1" name="tests.CheckoutWithOneProduct" time="5.072" errors="0" timestamp="18 лип. 2019 20:14:07 GMT" skipped="0">
  <testcase classname="tests.CheckoutWithOneProduct" name="testUserIsAbleToPlaceOrderWithOneProduct" time="5.072"/>
</testsuite> <!-- tests.CheckoutWithOneProduct -->
