<?xml version="1.0" encoding="UTF-8"?>
<!-- Generated by org.testng.reporters.JUnitReportReporter -->
<testsuite hostname="MacBook-Pro-Natalie.local" failures="0" tests="1" name="tests.CheckoutWithThreeProducts" time="5.393" errors="0" timestamp="18 лип. 2019 20:14:07 GMT" skipped="0">
  <testcase classname="tests.CheckoutWithThreeProducts" name="testUserIsAbleToPlaceOrderWithThreeProducts" time="5.393"/>
</testsuite> <!-- tests.CheckoutWithThreeProducts -->
