<?xml version="1.0" encoding="UTF-8"?>
<!-- Generated by org.testng.reporters.JUnitReportReporter -->
<testsuite hostname="MacBook-Pro-Natalie.local" failures="0" tests="1" name="tests.LoginTest" time="12.660" errors="0" timestamp="09 серп. 2019 22:21:26 GMT" skipped="0">
  <testcase classname="tests.LoginTest" name="testUserIsAbleToLoginIntoApp" time="12.660"/>
</testsuite> <!-- tests.LoginTest -->
