<?xml version="1.0" encoding="UTF-8"?>
<!-- Generated by org.testng.reporters.JUnitReportReporter -->
<testsuite hostname="MacBook-Pro-Natalie.local" failures="0" tests="1" name="tests.LoginTestNegative_2" time="2.674" errors="0" timestamp="20 серп. 2019 17:04:28 GMT" skipped="0">
  <testcase classname="tests.LoginTestNegative_2" name="testUserIsNotAbleToLoginWithoutPassword" time="2.674"/>
</testsuite> <!-- tests.LoginTestNegative_2 -->
