<?xml version="1.0" encoding="UTF-8"?>
<!-- Generated by org.testng.reporters.JUnitReportReporter -->
<testsuite hostname="MacBook-Pro-Natalie.local" failures="0" tests="1" name="tests.RemoveItemsFromCart" time="33.367" errors="0" timestamp="11 серп. 2019 10:08:35 GMT" skipped="0">
  <testcase classname="tests.RemoveItemsFromCart" name="testUserIsAbleToRemoveProductsFromToCart" time="33.367"/>
</testsuite> <!-- tests.RemoveItemsFromCart -->
