<?xml version="1.0" encoding="UTF-8"?>
<!-- Generated by org.testng.reporters.JUnitReportReporter -->
<testsuite hostname="MacBook-Pro-Natalie.local" failures="0" tests="1" name="tests.CheckoutWithThreeProducts" time="7.876" errors="0" timestamp="11 серп. 2019 10:08:35 GMT" skipped="0">
  <testcase classname="tests.CheckoutWithThreeProducts" name="testUserIsAbleToPlaceOrderWithThreeProducts" time="7.876"/>
</testsuite> <!-- tests.CheckoutWithThreeProducts -->
