<?xml version="1.0" encoding="UTF-8"?>
<!-- Generated by org.testng.reporters.JUnitReportReporter -->
<testsuite hostname="MacBook-Pro-Natalie.local" failures="0" tests="4" name="tests.CheckoutFieldsValidation" time="8.286" errors="0" timestamp="29 вер. 2019 14:35:15 GMT" skipped="0">
  <testcase classname="tests.CheckoutFieldsValidation" name="validationWithoutLastName" time="1.278"/>
  <testcase classname="tests.CheckoutFieldsValidation" name="validationWithoutUsername" time="1.225"/>
  <testcase classname="tests.CheckoutFieldsValidation" name="validationEmptyFields" time="4.516"/>
  <testcase classname="tests.CheckoutFieldsValidation" name="validationWithoutPostalCode" time="1.267"/>
</testsuite> <!-- tests.CheckoutFieldsValidation -->
