<?xml version="1.0" encoding="UTF-8"?>
<!-- Generated by org.testng.reporters.JUnitReportReporter -->
<testsuite hostname="MacBook-Pro-Natalie.local" failures="0" tests="1" name="tests.SortByPriceDesc" time="4.192" errors="0" timestamp="29 вер. 2019 14:35:15 GMT" skipped="0">
  <testcase classname="tests.SortByPriceDesc" name="testSortByPriceAsc" time="4.192"/>
</testsuite> <!-- tests.SortByPriceDesc -->
