<?xml version="1.0" encoding="UTF-8"?>
<!-- Generated by org.testng.reporters.JUnitReportReporter -->
<testsuite hostname="MacBook-Pro-Natalie.local" failures="0" tests="1" name="tests.CheckoutWithOneProduct" time="6.727" errors="0" timestamp="09 серп. 2019 22:34:20 GMT" skipped="0">
  <testcase classname="tests.CheckoutWithOneProduct" name="testUserIsAbleToPlaceOrderWithOneProduct" time="6.727"/>
</testsuite> <!-- tests.CheckoutWithOneProduct -->
