<?xml version="1.0" encoding="UTF-8"?>
<!-- Generated by org.testng.reporters.JUnitReportReporter -->
<testsuite hostname="MacBook-Pro-Natalie.local" failures="0" tests="1" name="tests.CheckoutWithThreeProducts" time="6.544" errors="0" timestamp="09 серп. 2019 22:34:20 GMT" skipped="0">
  <testcase classname="tests.CheckoutWithThreeProducts" name="testUserIsAbleToPlaceOrderWithThreeProducts" time="6.544"/>
</testsuite> <!-- tests.CheckoutWithThreeProducts -->
