<?xml version="1.0" encoding="UTF-8"?>
<!-- Generated by org.testng.reporters.JUnitReportReporter -->
<testsuite hostname="MacBook-Pro-Natalie.local" failures="0" tests="1" name="tests.SortByNamesDesc" time="5.742" errors="0" timestamp="09 серп. 2019 22:34:20 GMT" skipped="0">
  <testcase classname="tests.SortByNamesDesc" name="testProductsAreSortedByAsc" time="5.742"/>
</testsuite> <!-- tests.SortByNamesDesc -->
