<?xml version="1.0" encoding="UTF-8"?>
<!-- Generated by org.testng.reporters.JUnitReportReporter -->
<testsuite hostname="MacBook-Pro-Natalie.local" failures="0" tests="1" name="tests.LoginTestNegative_4" time="2.900" errors="0" timestamp="20 серп. 2019 17:04:28 GMT" skipped="0">
  <testcase classname="tests.LoginTestNegative_4" name="testLockedUserIsNotAbleToLogin" time="2.900"/>
</testsuite> <!-- tests.LoginTestNegative_4 -->
