<?xml version="1.0" encoding="UTF-8"?>
<!-- Generated by org.testng.reporters.JUnitReportReporter -->
<testsuite hostname="MacBook-Pro-Natalie.local" failures="0" tests="1" name="tests.LoginTestNegative_1" time="3.933" errors="0" timestamp="11 серп. 2019 10:08:35 GMT" skipped="0">
  <testcase classname="tests.LoginTestNegative_1" name="testUserIsNotAbleToLoginWithoutUsernameAndPassword" time="3.933"/>
</testsuite> <!-- tests.LoginTestNegative_1 -->
