<?xml version="1.0" encoding="UTF-8"?>
<!-- Generated by org.testng.reporters.JUnitReportReporter -->
<testsuite hostname="MacBook-Pro-Natalie.local" failures="0" tests="1" name="tests.LogoutFromCheckoutPage" time="5.132" errors="0" timestamp="29 вер. 2019 14:35:15 GMT" skipped="0">
  <testcase classname="tests.LogoutFromCheckoutPage" name="testUserIsAbleToLogOutFromCheckoutPage" time="5.132"/>
</testsuite> <!-- tests.LogoutFromCheckoutPage -->
