<?xml version="1.0" encoding="UTF-8"?>
<!-- Generated by org.testng.reporters.JUnitReportReporter -->
<testsuite hostname="MacBook-Pro-Natalie.local" failures="0" tests="1" name="tests.SortByNamesAsc" time="6.038" errors="0" timestamp="09 серп. 2019 22:34:20 GMT" skipped="0">
  <testcase classname="tests.SortByNamesAsc" name="testProductsAreSortedByAsc" time="6.038"/>
</testsuite> <!-- tests.SortByNamesAsc -->
