<?xml version="1.0" encoding="UTF-8"?>
<!-- Generated by org.testng.reporters.JUnitReportReporter -->
<testsuite hostname="MacBook-Pro-Natalie.local" failures="0" tests="1" name="tests.SortByNamesAsc" time="3.967" errors="0" timestamp="20 серп. 2019 17:04:28 GMT" skipped="0">
  <testcase classname="tests.SortByNamesAsc" name="testProductsAreSortedByAsc" time="3.967"/>
</testsuite> <!-- tests.SortByNamesAsc -->
