<?xml version="1.0" encoding="UTF-8"?>
<!-- Generated by org.testng.reporters.JUnitReportReporter -->
<testsuite hostname="MacBook-Pro-Natalie.local" failures="0" tests="1" name="tests.CheckoutWithOneProduct" time="5.144" errors="0" timestamp="29 вер. 2019 14:35:15 GMT" skipped="0">
  <testcase classname="tests.CheckoutWithOneProduct" name="testUserIsAbleToPlaceOrderWithOneProduct" time="5.144"/>
</testsuite> <!-- tests.CheckoutWithOneProduct -->
