<?xml version="1.0" encoding="UTF-8"?>
<!-- Generated by org.testng.reporters.JUnitReportReporter -->
<testsuite hostname="MacBook-Pro-Natalie.local" failures="0" tests="1" name="tests.LoginTestNegative_2" time="3.375" errors="0" timestamp="05 серп. 2019 09:52:20 GMT" skipped="0">
  <testcase classname="tests.LoginTestNegative_2" name="testUserIsNotAbleToLoginWithoutPassword" time="3.375"/>
</testsuite> <!-- tests.LoginTestNegative_2 -->
