<?xml version="1.0" encoding="UTF-8"?>
<!-- Generated by org.testng.reporters.JUnitReportReporter -->
<testsuite hostname="MacBook-Pro-Natalie.local" failures="0" tests="1" name="tests.RemoveItemsFromCart" time="24.190" errors="0" timestamp="20 серп. 2019 17:04:28 GMT" skipped="0">
  <testcase classname="tests.RemoveItemsFromCart" name="testUserIsAbleToRemoveProductsFromToCart" time="24.190"/>
</testsuite> <!-- tests.RemoveItemsFromCart -->
