<?xml version="1.0" encoding="UTF-8"?>
<!-- Generated by org.testng.reporters.JUnitReportReporter -->
<testsuite hostname="MacBook-Pro-Natalie.local" failures="0" tests="1" name="tests.LogoutFromCheckoutPage" time="5.008" errors="0" timestamp="20 серп. 2019 17:04:28 GMT" skipped="0">
  <testcase classname="tests.LogoutFromCheckoutPage" name="testUserIsAbleToLogOutFromCheckoutPage" time="5.008"/>
</testsuite> <!-- tests.LogoutFromCheckoutPage -->
